This file contains any messages produced by compilers while
running configure, to aid debugging if configure makes a mistake.

It was created by GStreamer RTSP Server Library configure 1.2.3, which was
generated by GNU Autoconf 2.69.  Invocation command line was

  $ ./configure --prefix=/home/michele/gstreamer_mms/gst-1.6.0/new-out CCFLAGS=-I/usr/lib/x86_64-linux-gnu/glib-2.0/include/

## --------- ##
## Platform. ##
## --------- ##

hostname = apollo
uname -m = x86_64
uname -r = 3.13.0-105-generic
uname -s = Linux
uname -v = #152-Ubuntu SMP Fri Dec 2 15:37:11 UTC 2016

/usr/bin/uname -p = unknown
/bin/uname -X     = unknown

/bin/arch              = unknown
/usr/bin/arch -k       = unknown
/usr/convex/getsysinfo = unknown
/usr/bin/hostinfo      = unknown
/bin/machine           = unknown
/usr/bin/oslevel       = unknown
/bin/universe          = unknown

PATH: /home/michele/gstreamer_mms/gst-1.6.0/new-out/bin
PATH: /home/michele/robil2/devel/bin
PATH: /opt/ros/jade/bin
PATH: /usr/local/bin
PATH: /home/michele/scripts
PATH: /home/michele/apache-maven-3.2.2/bin
PATH: /usr/local/sbin
PATH: /usr/local/bin
PATH: /usr/sbin
PATH: /usr/bin
PATH: /sbin
PATH: /bin
PATH: /usr/games
PATH: /usr/local/games


## ----------- ##
## Core tests. ##
## ----------- ##

configure:2418: checking build system type
configure:2432: result: x86_64-unknown-linux-gnu
configure:2452: checking host system type
configure:2465: result: x86_64-unknown-linux-gnu
configure:2485: checking target system type
configure:2498: result: x86_64-unknown-linux-gnu
configure:2544: checking for a BSD-compatible install
configure:2612: result: /usr/bin/install -c
configure:2623: checking whether build environment is sane
configure:2678: result: yes
configure:2829: checking for a thread-safe mkdir -p
configure:2868: result: /bin/mkdir -p
configure:2875: checking for gawk
configure:2891: found /usr/bin/gawk
configure:2902: result: gawk
configure:2913: checking whether make sets $(MAKE)
configure:2935: result: yes
configure:2964: checking whether make supports nested variables
configure:2981: result: yes
configure:3070: checking whether UID '1000' is supported by ustar format
configure:3073: result: yes
configure:3080: checking whether GID '1000' is supported by ustar format
configure:3083: result: yes
configure:3091: checking how to create a ustar tar archive
configure:3102: tar --version
tar (GNU tar) 1.27.1
Copyright (C) 2013 Free Software Foundation, Inc.
License GPLv3+: GNU GPL version 3 or later <http://gnu.org/licenses/gpl.html>.
This is free software: you are free to change and redistribute it.
There is NO WARRANTY, to the extent permitted by law.

Written by John Gilmore and Jay Fenlason.
configure:3105: $? = 0
configure:3145: tardir=conftest.dir && eval tar --format=ustar -chf - "$tardir" >conftest.tar
configure:3148: $? = 0
configure:3152: tar -xf - <conftest.tar
configure:3155: $? = 0
configure:3157: cat conftest.dir/file
GrepMe
configure:3160: $? = 0
configure:3173: result: gnutar
configure:3235: checking nano version
configure:3241: result: 0 (release)
configure:3267: checking whether to enable maintainer-specific portions of Makefiles
configure:3276: result: yes
configure:3303: checking whether make supports nested variables
configure:3320: result: yes
configure:3381: checking how to print strings
configure:3408: result: printf
configure:3441: checking for style of include used by make
configure:3469: result: GNU
configure:3540: checking for gcc
configure:3556: found /usr/bin/gcc
configure:3567: result: gcc
configure:3796: checking for C compiler version
configure:3805: gcc --version >&5
gcc (Ubuntu 4.8.4-2ubuntu1~14.04.3) 4.8.4
Copyright (C) 2013 Free Software Foundation, Inc.
This is free software; see the source for copying conditions.  There is NO
warranty; not even for MERCHANTABILITY or FITNESS FOR A PARTICULAR PURPOSE.

configure:3816: $? = 0
configure:3805: gcc -v >&5
Using built-in specs.
COLLECT_GCC=gcc
COLLECT_LTO_WRAPPER=/usr/lib/gcc/x86_64-linux-gnu/4.8/lto-wrapper
Target: x86_64-linux-gnu
Configured with: ../src/configure -v --with-pkgversion='Ubuntu 4.8.4-2ubuntu1~14.04.3' --with-bugurl=file:///usr/share/doc/gcc-4.8/README.Bugs --enable-languages=c,c++,java,go,d,fortran,objc,obj-c++ --prefix=/usr --program-suffix=-4.8 --enable-shared --enable-linker-build-id --libexecdir=/usr/lib --without-included-gettext --enable-threads=posix --with-gxx-include-dir=/usr/include/c++/4.8 --libdir=/usr/lib --enable-nls --with-sysroot=/ --enable-clocale=gnu --enable-libstdcxx-debug --enable-libstdcxx-time=yes --enable-gnu-unique-object --disable-libmudflap --enable-plugin --with-system-zlib --disable-browser-plugin --enable-java-awt=gtk --enable-gtk-cairo --with-java-home=/usr/lib/jvm/java-1.5.0-gcj-4.8-amd64/jre --enable-java-home --with-jvm-root-dir=/usr/lib/jvm/java-1.5.0-gcj-4.8-amd64 --with-jvm-jar-dir=/usr/lib/jvm-exports/java-1.5.0-gcj-4.8-amd64 --with-arch-directory=amd64 --with-ecj-jar=/usr/share/java/eclipse-ecj.jar --enable-objc-gc --enable-multiarch --disable-werror --with-arch-32=i686 --with-abi=m64 --with-multilib-list=m32,m64,mx32 --with-tune=generic --enable-checking=release --build=x86_64-linux-gnu --host=x86_64-linux-gnu --target=x86_64-linux-gnu
Thread model: posix
gcc version 4.8.4 (Ubuntu 4.8.4-2ubuntu1~14.04.3) 
configure:3816: $? = 0
configure:3805: gcc -V >&5
gcc: error: unrecognized command line option '-V'
gcc: fatal error: no input files
compilation terminated.
configure:3816: $? = 4
configure:3805: gcc -qversion >&5
gcc: error: unrecognized command line option '-qversion'
gcc: fatal error: no input files
compilation terminated.
configure:3816: $? = 4
configure:3836: checking whether the C compiler works
configure:3858: gcc    conftest.c  >&5
configure:3862: $? = 0
configure:3910: result: yes
configure:3913: checking for C compiler default output file name
configure:3915: result: a.out
configure:3921: checking for suffix of executables
configure:3928: gcc -o conftest    conftest.c  >&5
configure:3932: $? = 0
configure:3954: result: 
configure:3976: checking whether we are cross compiling
configure:3984: gcc -o conftest    conftest.c  >&5
configure:3988: $? = 0
configure:3995: ./conftest
configure:3999: $? = 0
configure:4014: result: no
configure:4019: checking for suffix of object files
configure:4041: gcc -c   conftest.c >&5
configure:4045: $? = 0
configure:4066: result: o
configure:4070: checking whether we are using the GNU C compiler
configure:4089: gcc -c   conftest.c >&5
configure:4089: $? = 0
configure:4098: result: yes
configure:4107: checking whether gcc accepts -g
configure:4127: gcc -c -g  conftest.c >&5
configure:4127: $? = 0
configure:4168: result: yes
configure:4185: checking for gcc option to accept ISO C89
configure:4248: gcc  -c -g -O2  conftest.c >&5
configure:4248: $? = 0
configure:4261: result: none needed
configure:4286: checking whether gcc understands -c and -o together
configure:4308: gcc -c conftest.c -o conftest2.o
configure:4311: $? = 0
configure:4308: gcc -c conftest.c -o conftest2.o
configure:4311: $? = 0
configure:4323: result: yes
configure:4342: checking dependency style of gcc
configure:4453: result: gcc3
configure:4468: checking for a sed that does not truncate output
configure:4532: result: /bin/sed
configure:4550: checking for grep that handles long lines and -e
configure:4608: result: /bin/grep
configure:4613: checking for egrep
configure:4675: result: /bin/grep -E
configure:4680: checking for fgrep
configure:4742: result: /bin/grep -F
configure:4777: checking for ld used by gcc
configure:4844: result: /usr/bin/ld
configure:4851: checking if the linker (/usr/bin/ld) is GNU ld
configure:4866: result: yes
configure:4878: checking for BSD- or MS-compatible name lister (nm)
configure:4927: result: /usr/bin/nm -B
configure:5057: checking the name lister (/usr/bin/nm -B) interface
configure:5064: gcc -c -g -O2  conftest.c >&5
configure:5067: /usr/bin/nm -B "conftest.o"
configure:5070: output
0000000000000000 B some_variable
configure:5077: result: BSD nm
configure:5080: checking whether ln -s works
configure:5084: result: yes
configure:5092: checking the maximum length of command line arguments
configure:5223: result: 1572864
configure:5240: checking whether the shell understands some XSI constructs
configure:5250: result: yes
configure:5254: checking whether the shell understands "+="
configure:5260: result: yes
configure:5295: checking how to convert x86_64-unknown-linux-gnu file names to x86_64-unknown-linux-gnu format
configure:5335: result: func_convert_file_noop
configure:5342: checking how to convert x86_64-unknown-linux-gnu file names to toolchain format
configure:5362: result: func_convert_file_noop
configure:5369: checking for /usr/bin/ld option to reload object files
configure:5376: result: -r
configure:5450: checking for objdump
configure:5466: found /usr/bin/objdump
configure:5477: result: objdump
configure:5506: checking how to recognize dependent libraries
configure:5704: result: pass_all
configure:5789: checking for dlltool
configure:5819: result: no
configure:5846: checking how to associate runtime and link libraries
configure:5873: result: printf %s\n
configure:5934: checking for ar
configure:5950: found /usr/bin/ar
configure:5961: result: ar
configure:5998: checking for archiver @FILE support
configure:6015: gcc -c -g -O2  conftest.c >&5
configure:6015: $? = 0
configure:6018: ar cru libconftest.a @conftest.lst >&5
configure:6021: $? = 0
configure:6026: ar cru libconftest.a @conftest.lst >&5
ar: conftest.o: No such file or directory
configure:6029: $? = 1
configure:6041: result: @
configure:6099: checking for strip
configure:6115: found /usr/bin/strip
configure:6126: result: strip
configure:6198: checking for ranlib
configure:6214: found /usr/bin/ranlib
configure:6225: result: ranlib
configure:6327: checking command to parse /usr/bin/nm -B output from gcc object
configure:6447: gcc -c -g -O2  conftest.c >&5
configure:6450: $? = 0
configure:6454: /usr/bin/nm -B conftest.o \| sed -n -e 's/^.*[ ]\([ABCDGIRSTW][ABCDGIRSTW]*\)[ ][ ]*\([_A-Za-z][_A-Za-z0-9]*\)$/\1 \2 \2/p' | sed '/ __gnu_lto/d' \> conftest.nm
configure:6457: $? = 0
configure:6523: gcc -o conftest -g -O2   conftest.c conftstm.o >&5
configure:6526: $? = 0
configure:6564: result: ok
configure:6601: checking for sysroot
configure:6631: result: no
configure:6708: gcc -c -g -O2  conftest.c >&5
configure:6711: $? = 0
configure:6900: checking for mt
configure:6916: found /bin/mt
configure:6927: result: mt
configure:6950: checking if mt is a manifest tool
configure:6956: mt '-?'
configure:6964: result: no
configure:7606: checking how to run the C preprocessor
configure:7637: gcc -E  conftest.c
configure:7637: $? = 0
configure:7651: gcc -E  conftest.c
conftest.c:11:28: fatal error: ac_nonexistent.h: No such file or directory
 #include <ac_nonexistent.h>
                            ^
compilation terminated.
configure:7651: $? = 1
configure: failed program was:
| /* confdefs.h */
| #define PACKAGE_NAME "GStreamer RTSP Server Library"
| #define PACKAGE_TARNAME "gst-rtsp-server"
| #define PACKAGE_VERSION "1.2.3"
| #define PACKAGE_STRING "GStreamer RTSP Server Library 1.2.3"
| #define PACKAGE_BUGREPORT "http://bugzilla.gnome.org/enter_bug.cgi?product=GStreamer"
| #define PACKAGE_URL ""
| #define PACKAGE "gst-rtsp-server"
| #define VERSION "1.2.3"
| /* end confdefs.h.  */
| #include <ac_nonexistent.h>
configure:7676: result: gcc -E
configure:7696: gcc -E  conftest.c
configure:7696: $? = 0
configure:7710: gcc -E  conftest.c
conftest.c:11:28: fatal error: ac_nonexistent.h: No such file or directory
 #include <ac_nonexistent.h>
                            ^
compilation terminated.
configure:7710: $? = 1
configure: failed program was:
| /* confdefs.h */
| #define PACKAGE_NAME "GStreamer RTSP Server Library"
| #define PACKAGE_TARNAME "gst-rtsp-server"
| #define PACKAGE_VERSION "1.2.3"
| #define PACKAGE_STRING "GStreamer RTSP Server Library 1.2.3"
| #define PACKAGE_BUGREPORT "http://bugzilla.gnome.org/enter_bug.cgi?product=GStreamer"
| #define PACKAGE_URL ""
| #define PACKAGE "gst-rtsp-server"
| #define VERSION "1.2.3"
| /* end confdefs.h.  */
| #include <ac_nonexistent.h>
configure:7739: checking for ANSI C header files
configure:7759: gcc -c -g -O2  conftest.c >&5
configure:7759: $? = 0
configure:7832: gcc -o conftest -g -O2   conftest.c  >&5
configure:7832: $? = 0
configure:7832: ./conftest
configure:7832: $? = 0
configure:7843: result: yes
configure:7856: checking for sys/types.h
configure:7856: gcc -c -g -O2  conftest.c >&5
configure:7856: $? = 0
configure:7856: result: yes
configure:7856: checking for sys/stat.h
configure:7856: gcc -c -g -O2  conftest.c >&5
configure:7856: $? = 0
configure:7856: result: yes
configure:7856: checking for stdlib.h
configure:7856: gcc -c -g -O2  conftest.c >&5
configure:7856: $? = 0
configure:7856: result: yes
configure:7856: checking for string.h
configure:7856: gcc -c -g -O2  conftest.c >&5
configure:7856: $? = 0
configure:7856: result: yes
configure:7856: checking for memory.h
configure:7856: gcc -c -g -O2  conftest.c >&5
configure:7856: $? = 0
configure:7856: result: yes
configure:7856: checking for strings.h
configure:7856: gcc -c -g -O2  conftest.c >&5
configure:7856: $? = 0
configure:7856: result: yes
configure:7856: checking for inttypes.h
configure:7856: gcc -c -g -O2  conftest.c >&5
configure:7856: $? = 0
configure:7856: result: yes
configure:7856: checking for stdint.h
configure:7856: gcc -c -g -O2  conftest.c >&5
configure:7856: $? = 0
configure:7856: result: yes
configure:7856: checking for unistd.h
configure:7856: gcc -c -g -O2  conftest.c >&5
configure:7856: $? = 0
configure:7856: result: yes
configure:7870: checking for dlfcn.h
configure:7870: gcc -c -g -O2  conftest.c >&5
configure:7870: $? = 0
configure:7870: result: yes
configure:8390: checking for objdir
configure:8405: result: .libs
configure:8676: checking if gcc supports -fno-rtti -fno-exceptions
configure:8694: gcc -c -g -O2  -fno-rtti -fno-exceptions conftest.c >&5
cc1: warning: command line option '-fno-rtti' is valid for C++/ObjC++ but not for C [enabled by default]
configure:8698: $? = 0
configure:8711: result: no
configure:9038: checking for gcc option to produce PIC
configure:9045: result: -fPIC -DPIC
configure:9053: checking if gcc PIC flag -fPIC -DPIC works
configure:9071: gcc -c -g -O2  -fPIC -DPIC -DPIC conftest.c >&5
configure:9075: $? = 0
configure:9088: result: yes
configure:9117: checking if gcc static flag -static works
configure:9145: result: yes
configure:9160: checking if gcc supports -c -o file.o
configure:9181: gcc -c -g -O2  -o out/conftest2.o conftest.c >&5
configure:9185: $? = 0
configure:9207: result: yes
configure:9215: checking if gcc supports -c -o file.o
configure:9262: result: yes
configure:9295: checking whether the gcc linker (/usr/bin/ld -m elf_x86_64) supports shared libraries
configure:10452: result: yes
configure:10489: checking whether -lc should be explicitly linked in
configure:10497: gcc -c -g -O2  conftest.c >&5
configure:10500: $? = 0
configure:10515: gcc -shared  -fPIC -DPIC conftest.o  -v -Wl,-soname -Wl,conftest -o conftest 2\>\&1 \| /bin/grep  -lc  \>/dev/null 2\>\&1
configure:10518: $? = 0
configure:10532: result: no
configure:10692: checking dynamic linker characteristics
configure:11192: gcc -o conftest -g -O2   -Wl,-rpath -Wl,/foo conftest.c  >&5
configure:11192: $? = 0
configure:11426: result: GNU/Linux ld.so
configure:11533: checking how to hardcode library paths into programs
configure:11558: result: immediate
configure:11652: checking for shl_load
configure:11652: gcc -o conftest -g -O2   conftest.c  >&5
/tmp/cc7UD3GY.o: In function `main':
/home/michele/gst-rtsp-server-1.2.3/conftest.c:57: undefined reference to `shl_load'
collect2: error: ld returned 1 exit status
configure:11652: $? = 1
configure: failed program was:
| /* confdefs.h */
| #define PACKAGE_NAME "GStreamer RTSP Server Library"
| #define PACKAGE_TARNAME "gst-rtsp-server"
| #define PACKAGE_VERSION "1.2.3"
| #define PACKAGE_STRING "GStreamer RTSP Server Library 1.2.3"
| #define PACKAGE_BUGREPORT "http://bugzilla.gnome.org/enter_bug.cgi?product=GStreamer"
| #define PACKAGE_URL ""
| #define PACKAGE "gst-rtsp-server"
| #define VERSION "1.2.3"
| #define STDC_HEADERS 1
| #define HAVE_SYS_TYPES_H 1
| #define HAVE_SYS_STAT_H 1
| #define HAVE_STDLIB_H 1
| #define HAVE_STRING_H 1
| #define HAVE_MEMORY_H 1
| #define HAVE_STRINGS_H 1
| #define HAVE_INTTYPES_H 1
| #define HAVE_STDINT_H 1
| #define HAVE_UNISTD_H 1
| #define HAVE_DLFCN_H 1
| #define LT_OBJDIR ".libs/"
| /* end confdefs.h.  */
| /* Define shl_load to an innocuous variant, in case <limits.h> declares shl_load.
|    For example, HP-UX 11i <limits.h> declares gettimeofday.  */
| #define shl_load innocuous_shl_load
| 
| /* System header to define __stub macros and hopefully few prototypes,
|     which can conflict with char shl_load (); below.
|     Prefer <limits.h> to <assert.h> if __STDC__ is defined, since
|     <limits.h> exists even on freestanding compilers.  */
| 
| #ifdef __STDC__
| # include <limits.h>
| #else
| # include <assert.h>
| #endif
| 
| #undef shl_load
| 
| /* Override any GCC internal prototype to avoid an error.
|    Use char because int might match the return type of a GCC
|    builtin and then its argument prototype would still apply.  */
| #ifdef __cplusplus
| extern "C"
| #endif
| char shl_load ();
| /* The GNU C library defines this for functions which it implements
|     to always fail with ENOSYS.  Some functions are actually named
|     something starting with __ and the normal name is an alias.  */
| #if defined __stub_shl_load || defined __stub___shl_load
| choke me
| #endif
| 
| int
| main ()
| {
| return shl_load ();
|   ;
|   return 0;
| }
configure:11652: result: no
configure:11656: checking for shl_load in -ldld
configure:11681: gcc -o conftest -g -O2   conftest.c -ldld   >&5
/usr/bin/ld: cannot find -ldld
collect2: error: ld returned 1 exit status
configure:11681: $? = 1
configure: failed program was:
| /* confdefs.h */
| #define PACKAGE_NAME "GStreamer RTSP Server Library"
| #define PACKAGE_TARNAME "gst-rtsp-server"
| #define PACKAGE_VERSION "1.2.3"
| #define PACKAGE_STRING "GStreamer RTSP Server Library 1.2.3"
| #define PACKAGE_BUGREPORT "http://bugzilla.gnome.org/enter_bug.cgi?product=GStreamer"
| #define PACKAGE_URL ""
| #define PACKAGE "gst-rtsp-server"
| #define VERSION "1.2.3"
| #define STDC_HEADERS 1
| #define HAVE_SYS_TYPES_H 1
| #define HAVE_SYS_STAT_H 1
| #define HAVE_STDLIB_H 1
| #define HAVE_STRING_H 1
| #define HAVE_MEMORY_H 1
| #define HAVE_STRINGS_H 1
| #define HAVE_INTTYPES_H 1
| #define HAVE_STDINT_H 1
| #define HAVE_UNISTD_H 1
| #define HAVE_DLFCN_H 1
| #define LT_OBJDIR ".libs/"
| /* end confdefs.h.  */
| 
| /* Override any GCC internal prototype to avoid an error.
|    Use char because int might match the return type of a GCC
|    builtin and then its argument prototype would still apply.  */
| #ifdef __cplusplus
| extern "C"
| #endif
| char shl_load ();
| int
| main ()
| {
| return shl_load ();
|   ;
|   return 0;
| }
configure:11690: result: no
configure:11695: checking for dlopen
configure:11695: gcc -o conftest -g -O2   conftest.c  >&5
/tmp/ccBtICA2.o: In function `main':
/home/michele/gst-rtsp-server-1.2.3/conftest.c:57: undefined reference to `dlopen'
collect2: error: ld returned 1 exit status
configure:11695: $? = 1
configure: failed program was:
| /* confdefs.h */
| #define PACKAGE_NAME "GStreamer RTSP Server Library"
| #define PACKAGE_TARNAME "gst-rtsp-server"
| #define PACKAGE_VERSION "1.2.3"
| #define PACKAGE_STRING "GStreamer RTSP Server Library 1.2.3"
| #define PACKAGE_BUGREPORT "http://bugzilla.gnome.org/enter_bug.cgi?product=GStreamer"
| #define PACKAGE_URL ""
| #define PACKAGE "gst-rtsp-server"
| #define VERSION "1.2.3"
| #define STDC_HEADERS 1
| #define HAVE_SYS_TYPES_H 1
| #define HAVE_SYS_STAT_H 1
| #define HAVE_STDLIB_H 1
| #define HAVE_STRING_H 1
| #define HAVE_MEMORY_H 1
| #define HAVE_STRINGS_H 1
| #define HAVE_INTTYPES_H 1
| #define HAVE_STDINT_H 1
| #define HAVE_UNISTD_H 1
| #define HAVE_DLFCN_H 1
| #define LT_OBJDIR ".libs/"
| /* end confdefs.h.  */
| /* Define dlopen to an innocuous variant, in case <limits.h> declares dlopen.
|    For example, HP-UX 11i <limits.h> declares gettimeofday.  */
| #define dlopen innocuous_dlopen
| 
| /* System header to define __stub macros and hopefully few prototypes,
|     which can conflict with char dlopen (); below.
|     Prefer <limits.h> to <assert.h> if __STDC__ is defined, since
|     <limits.h> exists even on freestanding compilers.  */
| 
| #ifdef __STDC__
| # include <limits.h>
| #else
| # include <assert.h>
| #endif
| 
| #undef dlopen
| 
| /* Override any GCC internal prototype to avoid an error.
|    Use char because int might match the return type of a GCC
|    builtin and then its argument prototype would still apply.  */
| #ifdef __cplusplus
| extern "C"
| #endif
| char dlopen ();
| /* The GNU C library defines this for functions which it implements
|     to always fail with ENOSYS.  Some functions are actually named
|     something starting with __ and the normal name is an alias.  */
| #if defined __stub_dlopen || defined __stub___dlopen
| choke me
| #endif
| 
| int
| main ()
| {
| return dlopen ();
|   ;
|   return 0;
| }
configure:11695: result: no
configure:11699: checking for dlopen in -ldl
configure:11724: gcc -o conftest -g -O2   conftest.c -ldl   >&5
configure:11724: $? = 0
configure:11733: result: yes
configure:11852: checking whether a program can dlopen itself
configure:11932: gcc -o conftest -g -O2  -DHAVE_DLFCN_H  -Wl,--export-dynamic conftest.c -ldl  >&5
configure:11935: $? = 0
configure:11953: result: yes
configure:11958: checking whether a statically linked program can dlopen itself
configure:12038: gcc -o conftest -g -O2  -DHAVE_DLFCN_H  -Wl,--export-dynamic -static conftest.c -ldl  >&5
/tmp/ccxo4l2g.o: In function `main':
/home/michele/gst-rtsp-server-1.2.3/configure:12017: warning: Using 'dlopen' in statically linked applications requires at runtime the shared libraries from the glibc version used for linking
/usr/bin/ld: dynamic STT_GNU_IFUNC symbol `strcmp' with pointer equality in `/usr/lib/gcc/x86_64-linux-gnu/4.8/../../../x86_64-linux-gnu/libc.a(strcmp.o)' can not be used when making an executable; recompile with -fPIE and relink with -pie
collect2: error: ld returned 1 exit status
configure:12041: $? = 1
configure:12059: result: no
configure:12098: checking whether stripping libraries is possible
configure:12103: result: yes
configure:12138: checking if libtool supports shared libraries
configure:12140: result: yes
configure:12143: checking whether to build shared libraries
configure:12164: result: yes
configure:12167: checking whether to build static libraries
configure:12171: result: no
configure:12367: checking for pkg-config
configure:12385: found /usr/bin/pkg-config
configure:12397: result: /usr/bin/pkg-config
configure:12422: checking pkg-config is at least version 0.9.0
configure:12425: result: yes
configure:12451: checking for VALGRIND
configure:12459: $PKG_CONFIG --exists --print-errors "valgrind >= $VALGRIND_REQ"
configure:12462: $? = 0
configure:12477: $PKG_CONFIG --exists --print-errors "valgrind >= $VALGRIND_REQ"
configure:12480: $? = 0
configure:12516: result: yes
configure:12525: Using extra code paths for valgrind
configure:12697: Using GStreamer RTSP Server Library source release as package name
configure:12721: Using Unknown package origin as package origin
configure:12737: Using GST_PKG_CONFIG_PATH = $(top_builddir)/pkgconfig:/home/michele/gstreamer_mms/gst-1.6.0/new-out/lib/pkgconfig
configure:12771: Setting GST_PACKAGE_RELEASE_DATETIME to 2014-02-25
configure:12895: checking for gcc
configure:12922: result: gcc
configure:13151: checking for C compiler version
configure:13160: gcc --version >&5
gcc (Ubuntu 4.8.4-2ubuntu1~14.04.3) 4.8.4
Copyright (C) 2013 Free Software Foundation, Inc.
This is free software; see the source for copying conditions.  There is NO
warranty; not even for MERCHANTABILITY or FITNESS FOR A PARTICULAR PURPOSE.

configure:13171: $? = 0
configure:13160: gcc -v >&5
Using built-in specs.
COLLECT_GCC=gcc
COLLECT_LTO_WRAPPER=/usr/lib/gcc/x86_64-linux-gnu/4.8/lto-wrapper
Target: x86_64-linux-gnu
Configured with: ../src/configure -v --with-pkgversion='Ubuntu 4.8.4-2ubuntu1~14.04.3' --with-bugurl=file:///usr/share/doc/gcc-4.8/README.Bugs --enable-languages=c,c++,java,go,d,fortran,objc,obj-c++ --prefix=/usr --program-suffix=-4.8 --enable-shared --enable-linker-build-id --libexecdir=/usr/lib --without-included-gettext --enable-threads=posix --with-gxx-include-dir=/usr/include/c++/4.8 --libdir=/usr/lib --enable-nls --with-sysroot=/ --enable-clocale=gnu --enable-libstdcxx-debug --enable-libstdcxx-time=yes --enable-gnu-unique-object --disable-libmudflap --enable-plugin --with-system-zlib --disable-browser-plugin --enable-java-awt=gtk --enable-gtk-cairo --with-java-home=/usr/lib/jvm/java-1.5.0-gcj-4.8-amd64/jre --enable-java-home --with-jvm-root-dir=/usr/lib/jvm/java-1.5.0-gcj-4.8-amd64 --with-jvm-jar-dir=/usr/lib/jvm-exports/java-1.5.0-gcj-4.8-amd64 --with-arch-directory=amd64 --with-ecj-jar=/usr/share/java/eclipse-ecj.jar --enable-objc-gc --enable-multiarch --disable-werror --with-arch-32=i686 --with-abi=m64 --with-multilib-list=m32,m64,mx32 --with-tune=generic --enable-checking=release --build=x86_64-linux-gnu --host=x86_64-linux-gnu --target=x86_64-linux-gnu
Thread model: posix
gcc version 4.8.4 (Ubuntu 4.8.4-2ubuntu1~14.04.3) 
configure:13171: $? = 0
configure:13160: gcc -V >&5
gcc: error: unrecognized command line option '-V'
gcc: fatal error: no input files
compilation terminated.
configure:13171: $? = 4
configure:13160: gcc -qversion >&5
gcc: error: unrecognized command line option '-qversion'
gcc: fatal error: no input files
compilation terminated.
configure:13171: $? = 4
configure:13175: checking whether we are using the GNU C compiler
configure:13203: result: yes
configure:13212: checking whether gcc accepts -g
configure:13273: result: yes
configure:13290: checking for gcc option to accept ISO C89
configure:13366: result: none needed
configure:13391: checking whether gcc understands -c and -o together
configure:13428: result: yes
configure:13447: checking dependency style of gcc
configure:13558: result: gcc3
configure:13577: checking for gcc option to accept ISO C99
configure:13726: gcc  -c -g -O2  conftest.c >&5
conftest.c:77:29: error: expected ';', ',' or ')' before 'text'
 test_restrict (ccp restrict text)
                             ^
conftest.c: In function 'main':
conftest.c:131:18: error: expected '=', ',', ';', 'asm' or '__attribute__' before 'newvar'
   char *restrict newvar = "Another string";
                  ^
conftest.c:131:18: error: 'newvar' undeclared (first use in this function)
conftest.c:131:18: note: each undeclared identifier is reported only once for each function it appears in
conftest.c:141:3: error: 'for' loop initial declarations are only allowed in C99 mode
   for (int i = 0; i < ia->datasize; ++i)
   ^
conftest.c:141:3: note: use option -std=c99 or -std=gnu99 to compile your code
configure:13726: $? = 1
configure: failed program was:
| /* confdefs.h */
| #define PACKAGE_NAME "GStreamer RTSP Server Library"
| #define PACKAGE_TARNAME "gst-rtsp-server"
| #define PACKAGE_VERSION "1.2.3"
| #define PACKAGE_STRING "GStreamer RTSP Server Library 1.2.3"
| #define PACKAGE_BUGREPORT "http://bugzilla.gnome.org/enter_bug.cgi?product=GStreamer"
| #define PACKAGE_URL ""
| #define PACKAGE "gst-rtsp-server"
| #define VERSION "1.2.3"
| #define STDC_HEADERS 1
| #define HAVE_SYS_TYPES_H 1
| #define HAVE_SYS_STAT_H 1
| #define HAVE_STDLIB_H 1
| #define HAVE_STRING_H 1
| #define HAVE_MEMORY_H 1
| #define HAVE_STRINGS_H 1
| #define HAVE_INTTYPES_H 1
| #define HAVE_STDINT_H 1
| #define HAVE_UNISTD_H 1
| #define HAVE_DLFCN_H 1
| #define LT_OBJDIR ".libs/"
| #define HAVE_VALGRIND 1
| #define GST_PACKAGE_NAME "GStreamer RTSP Server Library source release"
| #define GST_PACKAGE_ORIGIN "Unknown package origin"
| #define GST_PACKAGE_RELEASE_DATETIME "2014-02-25"
| /* end confdefs.h.  */
| #include <stdarg.h>
| #include <stdbool.h>
| #include <stdlib.h>
| #include <wchar.h>
| #include <stdio.h>
| 
| // Check varargs macros.  These examples are taken from C99 6.10.3.5.
| #define debug(...) fprintf (stderr, __VA_ARGS__)
| #define showlist(...) puts (#__VA_ARGS__)
| #define report(test,...) ((test) ? puts (#test) : printf (__VA_ARGS__))
| static void
| test_varargs_macros (void)
| {
|   int x = 1234;
|   int y = 5678;
|   debug ("Flag");
|   debug ("X = %d\n", x);
|   showlist (The first, second, and third items.);
|   report (x>y, "x is %d but y is %d", x, y);
| }
| 
| // Check long long types.
| #define BIG64 18446744073709551615ull
| #define BIG32 4294967295ul
| #define BIG_OK (BIG64 / BIG32 == 4294967297ull && BIG64 % BIG32 == 0)
| #if !BIG_OK
|   your preprocessor is broken;
| #endif
| #if BIG_OK
| #else
|   your preprocessor is broken;
| #endif
| static long long int bignum = -9223372036854775807LL;
| static unsigned long long int ubignum = BIG64;
| 
| struct incomplete_array
| {
|   int datasize;
|   double data[];
| };
| 
| struct named_init {
|   int number;
|   const wchar_t *name;
|   double average;
| };
| 
| typedef const char *ccp;
| 
| static inline int
| test_restrict (ccp restrict text)
| {
|   // See if C++-style comments work.
|   // Iterate through items via the restricted pointer.
|   // Also check for declarations in for loops.
|   for (unsigned int i = 0; *(text+i) != '\0'; ++i)
|     continue;
|   return 0;
| }
| 
| // Check varargs and va_copy.
| static void
| test_varargs (const char *format, ...)
| {
|   va_list args;
|   va_start (args, format);
|   va_list args_copy;
|   va_copy (args_copy, args);
| 
|   const char *str;
|   int number;
|   float fnumber;
| 
|   while (*format)
|     {
|       switch (*format++)
| 	{
| 	case 's': // string
| 	  str = va_arg (args_copy, const char *);
| 	  break;
| 	case 'd': // int
| 	  number = va_arg (args_copy, int);
| 	  break;
| 	case 'f': // float
| 	  fnumber = va_arg (args_copy, double);
| 	  break;
| 	default:
| 	  break;
| 	}
|     }
|   va_end (args_copy);
|   va_end (args);
| }
| 
| int
| main ()
| {
| 
|   // Check bool.
|   _Bool success = false;
| 
|   // Check restrict.
|   if (test_restrict ("String literal") == 0)
|     success = true;
|   char *restrict newvar = "Another string";
| 
|   // Check varargs.
|   test_varargs ("s, d' f .", "string", 65, 34.234);
|   test_varargs_macros ();
| 
|   // Check flexible array members.
|   struct incomplete_array *ia =
|     malloc (sizeof (struct incomplete_array) + (sizeof (double) * 10));
|   ia->datasize = 10;
|   for (int i = 0; i < ia->datasize; ++i)
|     ia->data[i] = i * 1.234;
| 
|   // Check named initializers.
|   struct named_init ni = {
|     .number = 34,
|     .name = L"Test wide string",
|     .average = 543.34343,
|   };
| 
|   ni.number = 58;
| 
|   int dynamic_array[ni.number];
|   dynamic_array[ni.number - 1] = 543;
| 
|   // work around unused variable warnings
|   return (!success || bignum == 0LL || ubignum == 0uLL || newvar[0] == 'x'
| 	  || dynamic_array[ni.number - 1] != 543);
| 
|   ;
|   return 0;
| }
configure:13726: gcc -std=gnu99 -c -g -O2  conftest.c >&5
configure:13726: $? = 0
configure:13746: result: -std=gnu99
configure:13847: checking for gcc -std=gnu99 option to accept ISO Standard C
configure:13861: result: -std=gnu99
configure:13877: checking dependency style of gcc -std=gnu99
configure:13986: result: gcc3
configure:14004: checking for valgrind
configure:14022: found /usr/bin/valgrind
configure:14035: result: /usr/bin/valgrind
configure:14063: checking for gobject-introspection
configure:14094: $PKG_CONFIG --exists --print-errors "gobject-introspection-1.0 >= 1.31.1"
Package gobject-introspection-1.0 was not found in the pkg-config search path.
Perhaps you should add the directory containing `gobject-introspection-1.0.pc'
to the PKG_CONFIG_PATH environment variable
No package 'gobject-introspection-1.0' found
configure:14097: $? = 1
configure:14108: result: no
configure:14705: checking for gtkdoc-check
configure:14723: found /usr/bin/gtkdoc-check
configure:14735: result: /usr/bin/gtkdoc-check
configure:14747: checking for gtkdoc-rebase
configure:14765: found /usr/bin/gtkdoc-rebase
configure:14777: result: /usr/bin/gtkdoc-rebase
configure:14791: checking for gtkdoc-mkpdf
configure:14809: found /usr/bin/gtkdoc-mkpdf
configure:14821: result: /usr/bin/gtkdoc-mkpdf
configure:15025: checking whether to build gtk-doc documentation
configure:15027: result: no
configure:15109: checking for GLIB
configure:15117: $PKG_CONFIG --exists --print-errors "$which"
configure:15120: $? = 0
configure:15135: $PKG_CONFIG --exists --print-errors "$which"
configure:15138: $? = 0
configure:15190: result: yes
configure:15249: checking for glib-genmarshal
configure:15257: result: glib-genmarshal (from pkg-config path)
configure:15311: checking for glib-mkenums
configure:15318: result: glib-mkenums
configure:15331: checking for GIO
configure:15339: $PKG_CONFIG --exists --print-errors "gio-2.0 >= $GLIB_REQ"
configure:15342: $? = 0
configure:15357: $PKG_CONFIG --exists --print-errors "gio-2.0 >= $GLIB_REQ"
configure:15360: $? = 0
configure:15415: result: yes
configure:15448: checking for GST
configure:15456: $PKG_CONFIG --exists --print-errors "$module >= $minver"
configure:15459: $? = 0
configure:15474: $PKG_CONFIG --exists --print-errors "$module >= $minver"
configure:15477: $? = 0
configure:15533: result: yes
configure:15547: using GStreamer tools in /home/michele/gstreamer_mms/gst-1.6.0/new-out/bin
configure:15557: using GStreamer plug-ins in /home/michele/gstreamer_mms/gst-1.6.0/new-out/lib/gstreamer-1.0
configure:15570: Using GStreamer Core Plugins in /home/michele/gstreamer_mms/gst-1.6.0/new-out/lib/gstreamer-1.0
configure:15581: checking for GST_BASE
configure:15589: $PKG_CONFIG --exists --print-errors "$module >= $minver"
configure:15592: $? = 0
configure:15607: $PKG_CONFIG --exists --print-errors "$module >= $minver"
configure:15610: $? = 0
configure:15666: result: yes
configure:15684: checking for GST_PLUGINS_BASE
configure:15692: $PKG_CONFIG --exists --print-errors "$module >= $minver"
configure:15695: $? = 0
configure:15710: $PKG_CONFIG --exists --print-errors "$module >= $minver"
configure:15713: $? = 0
configure:15769: result: yes
configure:15785: using GStreamer Base Plugins in /home/michele/gstreamer_mms/gst-1.6.0/new-out/lib/gstreamer-1.0
configure:15794: Using GStreamer Base Plugins in /home/michele/gstreamer_mms/gst-1.6.0/new-out/lib/gstreamer-1.0
configure:15805: checking for GST_PLUGINS_GOOD
configure:15813: $PKG_CONFIG --exists --print-errors "$module >= $minver"
Package gstreamer-plugins-good-1.0 was not found in the pkg-config search path.
Perhaps you should add the directory containing `gstreamer-plugins-good-1.0.pc'
to the PKG_CONFIG_PATH environment variable
No package 'gstreamer-plugins-good-1.0' found
configure:15816: $? = 1
configure:15831: $PKG_CONFIG --exists --print-errors "$module >= $minver"
Package gstreamer-plugins-good-1.0 was not found in the pkg-config search path.
Perhaps you should add the directory containing `gstreamer-plugins-good-1.0.pc'
to the PKG_CONFIG_PATH environment variable
No package 'gstreamer-plugins-good-1.0' found
configure:15834: $? = 1
No package 'gstreamer-plugins-good-1.0' found
configure:15862: result: no
configure:15866: No package 'gstreamer-plugins-good-1.0' found
configure:15871: no gstreamer-plugins-good-1.0 >= 1.2.3 (GStreamer Good Plugins) found
configure:15914: Using GStreamer Good Plugins in 
configure:15925: checking for GST_CHECK
configure:15933: $PKG_CONFIG --exists --print-errors "$module >= $minver"
configure:15936: $? = 0
configure:15951: $PKG_CONFIG --exists --print-errors "$module >= $minver"
configure:15954: $? = 0
configure:16010: result: yes
configure:16033: checking for -Bsymbolic-functions linker flag
configure:16047: gcc -std=gnu99 -o conftest -g -O2  -Wl,-Bsymbolic-functions conftest.c  >&5
configure:16047: $? = 0
configure:16049: result: yes
configure:16107: Using /home/michele/gstreamer_mms/gst-1.6.0/new-out/lib/gstreamer-1.0 as the plugin install location
configure:16144: Setting GST_PACKAGE_RELEASE_DATETIME to 2014-02-25
configure:16201: checking whether the GStreamer debugging system is enabled
configure:16220: gcc -std=gnu99 -c -pthread -I/home/michele/gstreamer_mms/gst-1.6.0/new-out/include/gstreamer-1.0 -I/home/michele/gstreamer_mms/gst-1.6.0/new-out/lib/gstreamer-1.0/include -I/usr/include/glib-2.0 -I/usr/lib/x86_64-linux-gnu/glib-2.0/include   -g -O2  conftest.c >&5
configure:16220: $? = 0
configure:16234: result: yes
configure:16254: checking to see if compiler understands -Wall
configure:16271: gcc -std=gnu99 -c -g -O2 -Wall  conftest.c >&5
configure:16271: $? = 0
configure:16286: result: yes
configure:16291: checking to see if compiler understands -Wdeclaration-after-statement
configure:16308: gcc -std=gnu99 -c -g -O2 -Wdeclaration-after-statement  conftest.c >&5
configure:16308: $? = 0
configure:16323: result: yes
configure:16328: checking to see if compiler understands -Wvla
configure:16345: gcc -std=gnu99 -c -g -O2 -Wvla  conftest.c >&5
configure:16345: $? = 0
configure:16360: result: yes
configure:16365: checking to see if compiler understands -Wpointer-arith
configure:16382: gcc -std=gnu99 -c -g -O2 -Wpointer-arith  conftest.c >&5
configure:16382: $? = 0
configure:16397: result: yes
configure:16581: checking to see if compiler understands -Wmissing-declarations
configure:16598: gcc -std=gnu99 -c -g -O2 -Wmissing-declarations  conftest.c >&5
configure:16598: $? = 0
configure:16613: result: yes
configure:16581: checking to see if compiler understands -Wmissing-prototypes
configure:16598: gcc -std=gnu99 -c -g -O2 -Wmissing-prototypes  conftest.c >&5
configure:16598: $? = 0
configure:16613: result: yes
configure:16581: checking to see if compiler understands -Wredundant-decls
configure:16598: gcc -std=gnu99 -c -g -O2 -Wredundant-decls  conftest.c >&5
configure:16598: $? = 0
configure:16613: result: yes
configure:16581: checking to see if compiler understands -Wundef
configure:16598: gcc -std=gnu99 -c -g -O2 -Wundef  conftest.c >&5
configure:16598: $? = 0
configure:16613: result: yes
configure:16581: checking to see if compiler understands -Wwrite-strings
configure:16598: gcc -std=gnu99 -c -g -O2 -Wwrite-strings  conftest.c >&5
configure:16598: $? = 0
configure:16613: result: yes
configure:16581: checking to see if compiler understands -Wformat-nonliteral
configure:16598: gcc -std=gnu99 -c -g -O2 -Wformat-nonliteral  conftest.c >&5
configure:16598: $? = 0
configure:16613: result: yes
configure:16581: checking to see if compiler understands -Wformat-security
configure:16598: gcc -std=gnu99 -c -g -O2 -Wformat-security  conftest.c >&5
configure:16598: $? = 0
configure:16613: result: yes
configure:16581: checking to see if compiler understands -Wold-style-definition
configure:16598: gcc -std=gnu99 -c -g -O2 -Wold-style-definition  conftest.c >&5
conftest.c: In function 'main':
conftest.c:34:1: warning: old-style function definition [-Wold-style-definition]
 main ()
 ^
configure:16598: $? = 0
configure:16613: result: yes
configure:16581: checking to see if compiler understands -Winit-self
configure:16598: gcc -std=gnu99 -c -g -O2 -Winit-self  conftest.c >&5
configure:16598: $? = 0
configure:16613: result: yes
configure:16581: checking to see if compiler understands -Wmissing-include-dirs
configure:16598: gcc -std=gnu99 -c -g -O2 -Wmissing-include-dirs  conftest.c >&5
configure:16598: $? = 0
configure:16613: result: yes
configure:16581: checking to see if compiler understands -Waddress
configure:16598: gcc -std=gnu99 -c -g -O2 -Waddress  conftest.c >&5
configure:16598: $? = 0
configure:16613: result: yes
configure:16581: checking to see if compiler understands -Waggregate-return
configure:16598: gcc -std=gnu99 -c -g -O2 -Waggregate-return  conftest.c >&5
configure:16598: $? = 0
configure:16613: result: yes
configure:16581: checking to see if compiler understands -Wno-multichar
configure:16598: gcc -std=gnu99 -c -g -O2 -Wno-multichar  conftest.c >&5
configure:16598: $? = 0
configure:16613: result: yes
configure:16581: checking to see if compiler understands -Wnested-externs
configure:16598: gcc -std=gnu99 -c -g -O2 -Wnested-externs  conftest.c >&5
configure:16598: $? = 0
configure:16613: result: yes
configure:16625: set WARNING_CFLAGS to  -Wall -Wdeclaration-after-statement -Wvla -Wpointer-arith -Wmissing-declarations -Wmissing-prototypes -Wredundant-decls -Wundef -Wwrite-strings -Wformat-nonliteral -Wformat-security -Wold-style-definition -Winit-self -Wmissing-include-dirs -Waddress -Waggregate-return -Wno-multichar -Wnested-externs
configure:16627: set ERROR_CFLAGS to 
configure:16676: Using autoaudiosink as default audio sink
configure:16701: Using alsasrc as default audio source
configure:16726: Using autovideosink as default video sink
configure:16751: Using v4l2src as default video source
configure:16776: Using goom as default visualizer
configure:16833: checking for LIBCGROUP
configure:16841: $PKG_CONFIG --exists --print-errors "libcgroup >= 0.26"
Package libcgroup was not found in the pkg-config search path.
Perhaps you should add the directory containing `libcgroup.pc'
to the PKG_CONFIG_PATH environment variable
No package 'libcgroup' found
configure:16844: $? = 1
configure:16859: $PKG_CONFIG --exists --print-errors "libcgroup >= 0.26"
Package libcgroup was not found in the pkg-config search path.
Perhaps you should add the directory containing `libcgroup.pc'
to the PKG_CONFIG_PATH environment variable
No package 'libcgroup' found
configure:16862: $? = 1
No package 'libcgroup' found
configure:16890: result: no
configure:17026: checking that generated files are newer than configure
configure:17032: result: done
configure:17123: creating ./config.status

## ---------------------- ##
## Running config.status. ##
## ---------------------- ##

This file was extended by GStreamer RTSP Server Library config.status 1.2.3, which was
generated by GNU Autoconf 2.69.  Invocation command line was

  CONFIG_FILES    = 
  CONFIG_HEADERS  = 
  CONFIG_LINKS    = 
  CONFIG_COMMANDS = 
  $ ./config.status 

on apollo

config.status:1261: creating Makefile
config.status:1261: creating gst-rtsp.spec
config.status:1261: creating common/Makefile
config.status:1261: creating common/m4/Makefile
config.status:1261: creating gst/Makefile
config.status:1261: creating gst/rtsp-server/Makefile
config.status:1261: creating examples/Makefile
config.status:1261: creating tests/Makefile
config.status:1261: creating tests/check/Makefile
config.status:1261: creating pkgconfig/Makefile
config.status:1261: creating pkgconfig/gstreamer-rtsp-server.pc
config.status:1261: creating pkgconfig/gstreamer-rtsp-server-uninstalled.pc
config.status:1261: creating docs/Makefile
config.status:1261: creating docs/version.entities
config.status:1261: creating docs/libs/Makefile
config.status:1261: creating config.h
config.status:1490: executing depfiles commands
config.status:1490: executing libtool commands

## ---------------- ##
## Cache variables. ##
## ---------------- ##

ac_cv_build=x86_64-unknown-linux-gnu
ac_cv_c_compiler_gnu=yes
ac_cv_env_CCASFLAGS_set=
ac_cv_env_CCASFLAGS_value=
ac_cv_env_CCAS_set=
ac_cv_env_CCAS_value=
ac_cv_env_CC_set=
ac_cv_env_CC_value=
ac_cv_env_CFLAGS_set=
ac_cv_env_CFLAGS_value=
ac_cv_env_CPPFLAGS_set=
ac_cv_env_CPPFLAGS_value=
ac_cv_env_CPP_set=
ac_cv_env_CPP_value=
ac_cv_env_GIO_CFLAGS_set=
ac_cv_env_GIO_CFLAGS_value=
ac_cv_env_GIO_LIBS_set=
ac_cv_env_GIO_LIBS_value=
ac_cv_env_GLIB_CFLAGS_set=
ac_cv_env_GLIB_CFLAGS_value=
ac_cv_env_GLIB_LIBS_set=
ac_cv_env_GLIB_LIBS_value=
ac_cv_env_GST_BASE_CFLAGS_set=
ac_cv_env_GST_BASE_CFLAGS_value=
ac_cv_env_GST_BASE_LIBS_set=
ac_cv_env_GST_BASE_LIBS_value=
ac_cv_env_GST_CFLAGS_set=
ac_cv_env_GST_CFLAGS_value=
ac_cv_env_GST_CHECK_CFLAGS_set=
ac_cv_env_GST_CHECK_CFLAGS_value=
ac_cv_env_GST_CHECK_LIBS_set=
ac_cv_env_GST_CHECK_LIBS_value=
ac_cv_env_GST_LIBS_set=
ac_cv_env_GST_LIBS_value=
ac_cv_env_GST_PLUGINS_BASE_CFLAGS_set=
ac_cv_env_GST_PLUGINS_BASE_CFLAGS_value=
ac_cv_env_GST_PLUGINS_BASE_LIBS_set=
ac_cv_env_GST_PLUGINS_BASE_LIBS_value=
ac_cv_env_GST_PLUGINS_GOOD_CFLAGS_set=
ac_cv_env_GST_PLUGINS_GOOD_CFLAGS_value=
ac_cv_env_GST_PLUGINS_GOOD_LIBS_set=
ac_cv_env_GST_PLUGINS_GOOD_LIBS_value=
ac_cv_env_GTKDOC_DEPS_CFLAGS_set=
ac_cv_env_GTKDOC_DEPS_CFLAGS_value=
ac_cv_env_GTKDOC_DEPS_LIBS_set=
ac_cv_env_GTKDOC_DEPS_LIBS_value=
ac_cv_env_LDFLAGS_set=
ac_cv_env_LDFLAGS_value=
ac_cv_env_LIBCGROUP_CFLAGS_set=
ac_cv_env_LIBCGROUP_CFLAGS_value=
ac_cv_env_LIBCGROUP_LIBS_set=
ac_cv_env_LIBCGROUP_LIBS_value=
ac_cv_env_LIBS_set=
ac_cv_env_LIBS_value=
ac_cv_env_PKG_CONFIG_set=
ac_cv_env_PKG_CONFIG_value=
ac_cv_env_VALGRIND_CFLAGS_set=
ac_cv_env_VALGRIND_CFLAGS_value=
ac_cv_env_VALGRIND_LIBS_set=
ac_cv_env_VALGRIND_LIBS_value=
ac_cv_env_build_alias_set=
ac_cv_env_build_alias_value=
ac_cv_env_host_alias_set=
ac_cv_env_host_alias_value=
ac_cv_env_target_alias_set=
ac_cv_env_target_alias_value=
ac_cv_func_dlopen=no
ac_cv_func_shl_load=no
ac_cv_header_dlfcn_h=yes
ac_cv_header_inttypes_h=yes
ac_cv_header_memory_h=yes
ac_cv_header_stdc=yes
ac_cv_header_stdint_h=yes
ac_cv_header_stdlib_h=yes
ac_cv_header_string_h=yes
ac_cv_header_strings_h=yes
ac_cv_header_sys_stat_h=yes
ac_cv_header_sys_types_h=yes
ac_cv_header_unistd_h=yes
ac_cv_host=x86_64-unknown-linux-gnu
ac_cv_lib_dl_dlopen=yes
ac_cv_lib_dld_shl_load=no
ac_cv_objext=o
ac_cv_path_EGREP='/bin/grep -E'
ac_cv_path_FGREP='/bin/grep -F'
ac_cv_path_GREP=/bin/grep
ac_cv_path_GTKDOC_CHECK=/usr/bin/gtkdoc-check
ac_cv_path_GTKDOC_MKPDF=/usr/bin/gtkdoc-mkpdf
ac_cv_path_GTKDOC_REBASE=/usr/bin/gtkdoc-rebase
ac_cv_path_SED=/bin/sed
ac_cv_path_VALGRIND_PATH=/usr/bin/valgrind
ac_cv_path_ac_pt_PKG_CONFIG=/usr/bin/pkg-config
ac_cv_path_install='/usr/bin/install -c'
ac_cv_path_mkdir=/bin/mkdir
ac_cv_prog_AWK=gawk
ac_cv_prog_CPP='gcc -E'
ac_cv_prog_ac_ct_AR=ar
ac_cv_prog_ac_ct_CC=gcc
ac_cv_prog_ac_ct_MANIFEST_TOOL=mt
ac_cv_prog_ac_ct_OBJDUMP=objdump
ac_cv_prog_ac_ct_RANLIB=ranlib
ac_cv_prog_ac_ct_STRIP=strip
ac_cv_prog_cc_c89=
ac_cv_prog_cc_c99=-std=gnu99
ac_cv_prog_cc_g=yes
ac_cv_prog_cc_stdc=-std=gnu99
ac_cv_prog_make_make_set=yes
ac_cv_target=x86_64-unknown-linux-gnu
am_cv_CCAS_dependencies_compiler_type=gcc3
am_cv_CC_dependencies_compiler_type=gcc3
am_cv_make_support_nested_variables=yes
am_cv_prog_cc_c_o=yes
am_cv_prog_tar_ustar=gnutar
lt_cv_ar_at_file=@
lt_cv_archive_cmds_need_lc=no
lt_cv_deplibs_check_method=pass_all
lt_cv_dlopen=dlopen
lt_cv_dlopen_libs=-ldl
lt_cv_dlopen_self=yes
lt_cv_dlopen_self_static=no
lt_cv_file_magic_cmd='$MAGIC_CMD'
lt_cv_file_magic_test_file=
lt_cv_ld_reload_flag=-r
lt_cv_nm_interface='BSD nm'
lt_cv_objdir=.libs
lt_cv_path_LD=/usr/bin/ld
lt_cv_path_NM='/usr/bin/nm -B'
lt_cv_path_mainfest_tool=no
lt_cv_prog_compiler_c_o=yes
lt_cv_prog_compiler_pic='-fPIC -DPIC'
lt_cv_prog_compiler_pic_works=yes
lt_cv_prog_compiler_rtti_exceptions=no
lt_cv_prog_compiler_static_works=yes
lt_cv_prog_gnu_ld=yes
lt_cv_sharedlib_from_linklib_cmd='printf %s\n'
lt_cv_shlibpath_overrides_runpath=no
lt_cv_sys_global_symbol_pipe='sed -n -e '\''s/^.*[	 ]\([ABCDGIRSTW][ABCDGIRSTW]*\)[	 ][	 ]*\([_A-Za-z][_A-Za-z0-9]*\)$/\1 \2 \2/p'\'' | sed '\''/ __gnu_lto/d'\'''
lt_cv_sys_global_symbol_to_c_name_address='sed -n -e '\''s/^: \([^ ]*\)[ ]*$/  {\"\1\", (void *) 0},/p'\'' -e '\''s/^[ABCDGIRSTW]* \([^ ]*\) \([^ ]*\)$/  {"\2", (void *) \&\2},/p'\'''
lt_cv_sys_global_symbol_to_c_name_address_lib_prefix='sed -n -e '\''s/^: \([^ ]*\)[ ]*$/  {\"\1\", (void *) 0},/p'\'' -e '\''s/^[ABCDGIRSTW]* \([^ ]*\) \(lib[^ ]*\)$/  {"\2", (void *) \&\2},/p'\'' -e '\''s/^[ABCDGIRSTW]* \([^ ]*\) \([^ ]*\)$/  {"lib\2", (void *) \&\2},/p'\'''
lt_cv_sys_global_symbol_to_cdecl='sed -n -e '\''s/^T .* \(.*\)$/extern int \1();/p'\'' -e '\''s/^[ABCDGIRSTW]* .* \(.*\)$/extern char \1;/p'\'''
lt_cv_sys_max_cmd_len=1572864
lt_cv_to_host_file_cmd=func_convert_file_noop
lt_cv_to_tool_file_cmd=func_convert_file_noop
pkg_cv_GIO_CFLAGS='-pthread -I/usr/include/glib-2.0 -I/usr/lib/x86_64-linux-gnu/glib-2.0/include  '
pkg_cv_GIO_LIBS='-lgio-2.0 -lgobject-2.0 -lglib-2.0  '
pkg_cv_GLIB_CFLAGS='-pthread -I/usr/include/glib-2.0 -I/usr/lib/x86_64-linux-gnu/glib-2.0/include  '
pkg_cv_GLIB_LIBS='-pthread -lgobject-2.0 -lgmodule-2.0 -lglib-2.0  '
pkg_cv_GST_BASE_CFLAGS='-pthread -I/home/michele/gstreamer_mms/gst-1.6.0/new-out/include/gstreamer-1.0 -I/home/michele/gstreamer_mms/gst-1.6.0/new-out/lib/gstreamer-1.0/include -I/usr/include/glib-2.0 -I/usr/lib/x86_64-linux-gnu/glib-2.0/include  '
pkg_cv_GST_BASE_LIBS='-L/home/michele/gstreamer_mms/gst-1.6.0/new-out/lib -lgstbase-1.0 -lgstreamer-1.0 -lgobject-2.0 -lglib-2.0  '
pkg_cv_GST_CFLAGS='-pthread -I/home/michele/gstreamer_mms/gst-1.6.0/new-out/include/gstreamer-1.0 -I/home/michele/gstreamer_mms/gst-1.6.0/new-out/lib/gstreamer-1.0/include -I/usr/include/glib-2.0 -I/usr/lib/x86_64-linux-gnu/glib-2.0/include  '
pkg_cv_GST_CHECK_CFLAGS='-pthread -I/home/michele/gstreamer_mms/gst-1.6.0/new-out/include/gstreamer-1.0 -I/home/michele/gstreamer_mms/gst-1.6.0/new-out/lib/gstreamer-1.0/include -I/usr/include/glib-2.0 -I/usr/lib/x86_64-linux-gnu/glib-2.0/include  '
pkg_cv_GST_CHECK_LIBS='-L/home/michele/gstreamer_mms/gst-1.6.0/new-out/lib -lgstcheck-1.0 -lm -lgstreamer-1.0 -lgobject-2.0 -lglib-2.0  '
pkg_cv_GST_LIBS='-L/home/michele/gstreamer_mms/gst-1.6.0/new-out/lib -lgstreamer-1.0 -lgobject-2.0 -lglib-2.0  '
pkg_cv_GST_PLUGINS_BASE_CFLAGS='-pthread -I/home/michele/gstreamer_mms/gst-1.6.0/new-out/include/gstreamer-1.0 -I/home/michele/gstreamer_mms/gst-1.6.0/new-out/lib/gstreamer-1.0/include -I/usr/include/glib-2.0 -I/usr/lib/x86_64-linux-gnu/glib-2.0/include  '
pkg_cv_GST_PLUGINS_BASE_LIBS='-L/home/michele/gstreamer_mms/gst-1.6.0/new-out/lib -lgstreamer-1.0 -lgobject-2.0 -lglib-2.0  '
pkg_cv_VALGRIND_CFLAGS='-I/usr/include/valgrind  '
pkg_cv_VALGRIND_LIBS='-L/usr/lib/valgrind -lcoregrind-amd64-linux -lvex-amd64-linux -lgcc  '

## ----------------- ##
## Output variables. ##
## ----------------- ##

ACLOCAL='${SHELL} /home/michele/gst-rtsp-server-1.2.3/missing aclocal-1.14'
ACLOCAL_AMFLAGS='-I m4 -I common/m4'
AMDEPBACKSLASH='\'
AMDEP_FALSE='#'
AMDEP_TRUE=''
AMTAR='$${TAR-tar}'
AM_BACKSLASH='\'
AM_DEFAULT_V='$(AM_DEFAULT_VERBOSITY)'
AM_DEFAULT_VERBOSITY='0'
AM_V='$(V)'
AR='ar'
AS='as'
AUTOCONF='${SHELL} /home/michele/gst-rtsp-server-1.2.3/missing autoconf'
AUTOHEADER='${SHELL} /home/michele/gst-rtsp-server-1.2.3/missing autoheader'
AUTOMAKE='${SHELL} /home/michele/gst-rtsp-server-1.2.3/missing automake-1.14'
AWK='gawk'
BUILD_TESTS_FALSE='#'
BUILD_TESTS_TRUE=''
CAT_ENTRY_END=''
CAT_ENTRY_START=''
CC='gcc -std=gnu99'
CCAS='gcc -std=gnu99'
CCASDEPMODE='depmode=gcc3'
CCASFLAGS='-g -O2'
CCDEPMODE='depmode=gcc3'
CFLAGS='-g -O2'
CPP='gcc -E'
CPPFLAGS=''
CXXFLAGS=''
CYGPATH_W='echo'
DEFAULT_AUDIOSINK='autoaudiosink'
DEFAULT_AUDIOSRC='alsasrc'
DEFAULT_VIDEOSINK='autovideosink'
DEFAULT_VIDEOSRC='v4l2src'
DEFAULT_VISUALIZER='goom'
DEFS='-DHAVE_CONFIG_H'
DEPDIR='.deps'
DEPRECATED_CFLAGS=''
DLLTOOL='false'
DOCBOOK_ROOT=''
DOC_HTML_FALSE=''
DOC_HTML_TRUE='#'
DOC_PDF_FALSE=''
DOC_PDF_TRUE='#'
DOC_PS_FALSE=''
DOC_PS_TRUE='#'
DSYMUTIL=''
DUMPBIN=''
ECHO_C=''
ECHO_N='-n'
ECHO_T=''
EGREP='/bin/grep -E'
ENABLE_DOCBOOK_FALSE=''
ENABLE_DOCBOOK_TRUE='#'
ENABLE_GTK_DOC_FALSE=''
ENABLE_GTK_DOC_TRUE='#'
ERROR_CFLAGS=''
EXEEXT=''
FFLAGS=''
FGREP='/bin/grep -F'
GCOV=''
GCOV_CFLAGS=''
GCOV_LIBS=''
GIO_CFLAGS='-pthread -I/usr/include/glib-2.0 -I/usr/lib/x86_64-linux-gnu/glib-2.0/include  '
GIO_LDFLAGS=''
GIO_LIBS='-lgio-2.0 -lgobject-2.0 -lglib-2.0  '
GLIB_CFLAGS='-pthread -I/usr/include/glib-2.0 -I/usr/lib/x86_64-linux-gnu/glib-2.0/include  '
GLIB_EXTRA_CFLAGS=' -DG_THREADS_MANDATORY -DG_DISABLE_CAST_CHECKS -DG_DISABLE_ASSERT'
GLIB_GENMARSHAL='glib-genmarshal'
GLIB_LIBS='-pthread -lgobject-2.0 -lgmodule-2.0 -lglib-2.0  '
GLIB_MKENUMS='glib-mkenums'
GLIB_REQ='2.32.0'
GREP='/bin/grep'
GSTPB_PLUGINS_DIR='/home/michele/gstreamer_mms/gst-1.6.0/new-out/lib/gstreamer-1.0'
GSTPG_PLUGINS_DIR=''
GST_AGE='203'
GST_ALL_CFLAGS='-I$(top_srcdir) -I$(top_builddir) -pthread -I/home/michele/gstreamer_mms/gst-1.6.0/new-out/include/gstreamer-1.0 -I/home/michele/gstreamer_mms/gst-1.6.0/new-out/lib/gstreamer-1.0/include -I/usr/include/glib-2.0 -I/usr/lib/x86_64-linux-gnu/glib-2.0/include   -pthread -I/home/michele/gstreamer_mms/gst-1.6.0/new-out/include/gstreamer-1.0 -I/home/michele/gstreamer_mms/gst-1.6.0/new-out/lib/gstreamer-1.0/include -I/usr/include/glib-2.0 -I/usr/lib/x86_64-linux-gnu/glib-2.0/include   $(GST_OPTION_CFLAGS) $(GST_OPTION_CFLAGS)'
GST_ALL_LDFLAGS='-no-undefined -Wl,-Bsymbolic-functions'
GST_ALL_LIBS='-L/home/michele/gstreamer_mms/gst-1.6.0/new-out/lib -lgstreamer-1.0 -lgobject-2.0 -lglib-2.0    $(GCOV_LIBS)'
GST_API_VERSION='1.0'
GST_BASE_CFLAGS='-pthread -I/home/michele/gstreamer_mms/gst-1.6.0/new-out/include/gstreamer-1.0 -I/home/michele/gstreamer_mms/gst-1.6.0/new-out/lib/gstreamer-1.0/include -I/usr/include/glib-2.0 -I/usr/lib/x86_64-linux-gnu/glib-2.0/include  '
GST_BASE_LIBS='-L/home/michele/gstreamer_mms/gst-1.6.0/new-out/lib -lgstbase-1.0 -lgstreamer-1.0 -lgobject-2.0 -lglib-2.0  '
GST_CFLAGS='-pthread -I/home/michele/gstreamer_mms/gst-1.6.0/new-out/include/gstreamer-1.0 -I/home/michele/gstreamer_mms/gst-1.6.0/new-out/lib/gstreamer-1.0/include -I/usr/include/glib-2.0 -I/usr/lib/x86_64-linux-gnu/glib-2.0/include   $(GST_OPTION_CFLAGS)'
GST_CHECK_CFLAGS='-pthread -I/home/michele/gstreamer_mms/gst-1.6.0/new-out/include/gstreamer-1.0 -I/home/michele/gstreamer_mms/gst-1.6.0/new-out/lib/gstreamer-1.0/include -I/usr/include/glib-2.0 -I/usr/lib/x86_64-linux-gnu/glib-2.0/include  '
GST_CHECK_LIBS='-L/home/michele/gstreamer_mms/gst-1.6.0/new-out/lib -lgstcheck-1.0 -lm -lgstreamer-1.0 -lgobject-2.0 -lglib-2.0  '
GST_CURRENT='203'
GST_GCOV_ENABLED_FALSE=''
GST_GCOV_ENABLED_TRUE='#'
GST_LEVEL_DEFAULT='GST_LEVEL_NONE'
GST_LIBS='-L/home/michele/gstreamer_mms/gst-1.6.0/new-out/lib -lgstreamer-1.0 -lgobject-2.0 -lglib-2.0  '
GST_LIBVERSION='203:0:203'
GST_LIB_LDFLAGS='-export-symbols-regex \^_?\(gst_\|Gst\|GST_\).*'
GST_LICENSE='LGPL'
GST_LT_LDFLAGS=' -version-info 203:0:203'
GST_OBJ_CFLAGS='$(GST_ALL_CFLAGS)'
GST_OBJ_LIBS='$(top_builddir)/gst/rtsp-server/libgstrtspserver-1.0.la $(GST_ALL_LIBS)'
GST_OPTION_CFLAGS='$(WARNING_CFLAGS) $(ERROR_CFLAGS) $(DEBUG_CFLAGS) $(PROFILE_CFLAGS) $(GCOV_CFLAGS) $(OPT_CFLAGS) $(DEPRECATED_CFLAGS)'
GST_PACKAGE_NAME='GStreamer RTSP Server Library source release'
GST_PACKAGE_ORIGIN='Unknown package origin'
GST_PKG_CONFIG_PATH='$(top_builddir)/pkgconfig:/home/michele/gstreamer_mms/gst-1.6.0/new-out/lib/pkgconfig'
GST_PLUGINS_BASE_CFLAGS='-pthread -I/home/michele/gstreamer_mms/gst-1.6.0/new-out/include/gstreamer-1.0 -I/home/michele/gstreamer_mms/gst-1.6.0/new-out/lib/gstreamer-1.0/include -I/usr/include/glib-2.0 -I/usr/lib/x86_64-linux-gnu/glib-2.0/include  '
GST_PLUGINS_BASE_DIR='/home/michele/gstreamer_mms/gst-1.6.0/new-out/lib/gstreamer-1.0/gst:/home/michele/gstreamer_mms/gst-1.6.0/new-out/lib/gstreamer-1.0/sys:/home/michele/gstreamer_mms/gst-1.6.0/new-out/lib/gstreamer-1.0/ext'
GST_PLUGINS_BASE_LIBS='-L/home/michele/gstreamer_mms/gst-1.6.0/new-out/lib -lgstreamer-1.0 -lgobject-2.0 -lglib-2.0  '
GST_PLUGINS_DIR='/home/michele/gstreamer_mms/gst-1.6.0/new-out/lib/gstreamer-1.0'
GST_PLUGINS_GOOD_CFLAGS=''
GST_PLUGINS_GOOD_DIR=''
GST_PLUGINS_GOOD_LIBS=''
GST_REVISION='0'
GST_TOOLS_DIR='/home/michele/gstreamer_mms/gst-1.6.0/new-out/bin'
GTKDOC_CHECK='/usr/bin/gtkdoc-check'
GTKDOC_DEPS_CFLAGS=''
GTKDOC_DEPS_LIBS=''
GTKDOC_MKPDF='/usr/bin/gtkdoc-mkpdf'
GTKDOC_REBASE='/usr/bin/gtkdoc-rebase'
GTK_DOC_BUILD_HTML_FALSE='#'
GTK_DOC_BUILD_HTML_TRUE=''
GTK_DOC_BUILD_PDF_FALSE=''
GTK_DOC_BUILD_PDF_TRUE='#'
GTK_DOC_USE_LIBTOOL_FALSE='#'
GTK_DOC_USE_LIBTOOL_TRUE=''
HAVE_CHECK_FALSE='#'
HAVE_CHECK_TRUE=''
HAVE_DOCBOOK2PS=''
HAVE_DVIPS=''
HAVE_EPSTOPDF=''
HAVE_INTROSPECTION_FALSE=''
HAVE_INTROSPECTION_TRUE='#'
HAVE_JADETEX=''
HAVE_LIBCGROUP_FALSE=''
HAVE_LIBCGROUP_TRUE='#'
HAVE_PNGTOPNM=''
HAVE_PNMTOPS=''
HAVE_PS2PDF=''
HAVE_VALGRIND_FALSE='#'
HAVE_VALGRIND_TRUE=''
HAVE_XMLLINT=''
HAVE_XSLTPROC=''
HTML_DIR='${datadir}/gtk-doc/html'
INSTALL_DATA='${INSTALL} -m 644'
INSTALL_PROGRAM='${INSTALL}'
INSTALL_SCRIPT='${INSTALL}'
INSTALL_STRIP_PROGRAM='$(install_sh) -c -s'
INTROSPECTION_CFLAGS=''
INTROSPECTION_COMPILER=''
INTROSPECTION_GENERATE=''
INTROSPECTION_GIRDIR=''
INTROSPECTION_LIBS=''
INTROSPECTION_MAKEFILE=''
INTROSPECTION_SCANNER=''
INTROSPECTION_TYPELIBDIR=''
LD='/usr/bin/ld -m elf_x86_64'
LDFLAGS=''
LIBCGROUP_CFLAGS=''
LIBCGROUP_LIBS=''
LIBOBJS=''
LIBS=''
LIBTOOL='$(SHELL) $(top_builddir)/libtool'
LIPO=''
LN_S='ln -s'
LTLIBOBJS=''
MAINT=''
MAINTAINER_MODE_FALSE='#'
MAINTAINER_MODE_TRUE=''
MAKEINFO='${SHELL} /home/michele/gst-rtsp-server-1.2.3/missing makeinfo'
MANIFEST_TOOL=':'
MKDIR_P='/bin/mkdir -p'
NM='/usr/bin/nm -B'
NMEDIT=''
OBJDUMP='objdump'
OBJEXT='o'
OTOOL64=''
OTOOL=''
PACKAGE='gst-rtsp-server'
PACKAGE_BUGREPORT='http://bugzilla.gnome.org/enter_bug.cgi?product=GStreamer'
PACKAGE_NAME='GStreamer RTSP Server Library'
PACKAGE_STRING='GStreamer RTSP Server Library 1.2.3'
PACKAGE_TARNAME='gst-rtsp-server'
PACKAGE_URL=''
PACKAGE_VERSION='1.2.3'
PACKAGE_VERSION_MAJOR='1'
PACKAGE_VERSION_MICRO='3'
PACKAGE_VERSION_MINOR='2'
PACKAGE_VERSION_NANO='0'
PACKAGE_VERSION_RELEASE='1'
PATH_SEPARATOR=':'
PKG_CONFIG='/usr/bin/pkg-config'
PLUGINDIR='/home/michele/gstreamer_mms/gst-1.6.0/new-out/lib/gstreamer-1.0'
PROFILE_CFLAGS='-g'
RANLIB='ranlib'
SED='/bin/sed'
SET_MAKE=''
SHELL='/bin/bash'
STRIP='strip'
VALGRIND_CFLAGS='-I/usr/include/valgrind  '
VALGRIND_LIBS='-L/usr/lib/valgrind -lcoregrind-amd64-linux -lvex-amd64-linux -lgcc  '
VALGRIND_PATH='/usr/bin/valgrind'
VERSION='1.2.3'
WARNING_CFLAGS=' -Wall -Wdeclaration-after-statement -Wvla -Wpointer-arith -Wmissing-declarations -Wmissing-prototypes -Wredundant-decls -Wundef -Wwrite-strings -Wformat-nonliteral -Wformat-security -Wold-style-definition -Winit-self -Wmissing-include-dirs -Waddress -Waggregate-return -Wno-multichar -Wnested-externs'
XML_CATALOG=''
XSLTPROC=''
XSLTPROC_FLAGS=''
ac_ct_AR='ar'
ac_ct_CC='gcc'
ac_ct_DUMPBIN=''
am__EXEEXT_FALSE=''
am__EXEEXT_TRUE='#'
am__fastdepCCAS_FALSE='#'
am__fastdepCCAS_TRUE=''
am__fastdepCC_FALSE='#'
am__fastdepCC_TRUE=''
am__include='include'
am__isrc=''
am__leading_dot='.'
am__nodep='_no'
am__quote=''
am__tar='tar --format=ustar -chf - "$$tardir"'
am__untar='tar -xf -'
bindir='${exec_prefix}/bin'
build='x86_64-unknown-linux-gnu'
build_alias=''
build_cpu='x86_64'
build_os='linux-gnu'
build_vendor='unknown'
datadir='${datarootdir}'
datarootdir='${prefix}/share'
docdir='$(datadir)/doc/gst-rtsp-server-1.0'
dvidir='${docdir}'
exec_prefix='${prefix}'
host='x86_64-unknown-linux-gnu'
host_alias=''
host_cpu='x86_64'
host_os='linux-gnu'
host_vendor='unknown'
htmldir='${docdir}'
includedir='${prefix}/include'
infodir='${datarootdir}/info'
install_sh='${SHELL} /home/michele/gst-rtsp-server-1.2.3/install-sh'
libdir='${exec_prefix}/lib'
libexecdir='${exec_prefix}/libexec'
localedir='${datarootdir}/locale'
localstatedir='${prefix}/var'
mandir='${datarootdir}/man'
mkdir_p='$(MKDIR_P)'
oldincludedir='/usr/include'
pdfdir='${docdir}'
plugindir='$(libdir)/gstreamer-1.0'
prefix='/home/michele/gstreamer_mms/gst-1.6.0/new-out'
program_transform_name='s,x,x,'
psdir='${docdir}'
sbindir='${exec_prefix}/sbin'
sharedstatedir='${prefix}/com'
sysconfdir='${prefix}/etc'
target='x86_64-unknown-linux-gnu'
target_alias=''
target_cpu='x86_64'
target_os='linux-gnu'
target_vendor='unknown'

## ----------- ##
## confdefs.h. ##
## ----------- ##

/* confdefs.h */
#define PACKAGE_NAME "GStreamer RTSP Server Library"
#define PACKAGE_TARNAME "gst-rtsp-server"
#define PACKAGE_VERSION "1.2.3"
#define PACKAGE_STRING "GStreamer RTSP Server Library 1.2.3"
#define PACKAGE_BUGREPORT "http://bugzilla.gnome.org/enter_bug.cgi?product=GStreamer"
#define PACKAGE_URL ""
#define PACKAGE "gst-rtsp-server"
#define VERSION "1.2.3"
#define STDC_HEADERS 1
#define HAVE_SYS_TYPES_H 1
#define HAVE_SYS_STAT_H 1
#define HAVE_STDLIB_H 1
#define HAVE_STRING_H 1
#define HAVE_MEMORY_H 1
#define HAVE_STRINGS_H 1
#define HAVE_INTTYPES_H 1
#define HAVE_STDINT_H 1
#define HAVE_UNISTD_H 1
#define HAVE_DLFCN_H 1
#define LT_OBJDIR ".libs/"
#define HAVE_VALGRIND 1
#define GST_PACKAGE_NAME "GStreamer RTSP Server Library source release"
#define GST_PACKAGE_ORIGIN "Unknown package origin"
#define GST_PACKAGE_RELEASE_DATETIME "2014-02-25"
#define GIO_MODULE_DIR "/usr/lib/x86_64-linux-gnu/gio/modules"
#define GIO_LIBDIR "/usr/lib/x86_64-linux-gnu"
#define GST_LICENSE "LGPL"
#define PLUGINDIR "/home/michele/gstreamer_mms/gst-1.6.0/new-out/lib/gstreamer-1.0"
#define GST_PACKAGE_RELEASE_DATETIME "2014-02-25"
#define GST_LEVEL_DEFAULT GST_LEVEL_NONE
#define DEFAULT_AUDIOSINK "autoaudiosink"
#define DEFAULT_AUDIOSRC "alsasrc"
#define DEFAULT_VIDEOSINK "autovideosink"
#define DEFAULT_VIDEOSRC "v4l2src"
#define DEFAULT_VISUALIZER "goom"

configure: exit 0

## ---------------------- ##
## Running config.status. ##
## ---------------------- ##

This file was extended by GStreamer RTSP Server Library config.status 1.2.3, which was
generated by GNU Autoconf 2.69.  Invocation command line was

  CONFIG_FILES    = 
  CONFIG_HEADERS  = 
  CONFIG_LINKS    = 
  CONFIG_COMMANDS = 
  $ ./config.status examples/Makefile depfiles

on apollo

config.status:1261: creating examples/Makefile
config.status:1490: executing depfiles commands
